<?xml version="1.0" encoding="UTF-8"?>
<!-- Generated by org.testng.reporters.JUnitReportReporter -->
<testsuite hostname="Toucan-L174" failures="0" tests="1" name="cucumberOptions.testRunner" time="18.383" errors="0" timestamp="2023-07-24T15:31:54 IST" skipped="0">
  <testcase classname="cucumberOptions.testRunner" name="runScenario" time="18.383"/>
</testsuite> <!-- cucumberOptions.testRunner -->
